2022-02-22 14:20:09,257 [Worker-7: Loading available Gradle versions] INFO  o.e.b.c.i.u.g.PublishedGradleVersions - Gradle version information cache is out-of-date. Trying to update.
2022-02-22 14:21:18,547 [Worker-0: Loading available Gradle versions] INFO  o.e.b.c.i.u.g.PublishedGradleVersions - Gradle version information cache is up-to-date. Trying to read.
2022-02-22 14:24:48,367 [Worker-13: Importing Maven projects] INFO  o.e.m.c.i.l.LifecycleMappingFactory - Using org.eclipse.m2e.jdt.JarLifecycleMapping lifecycle mapping for MavenProject: com.qa:testdrivendevelopment:1.0.0 @ /Users/callum/Desktop/TDDex/TDD-Ex/pom.xml.
2022-02-22 14:24:48,480 [Worker-13: Importing Maven projects] INFO  o.e.m.j.i.AbstractJavaProjectConfigurator - Adding source folder /testdrivendevelopment/src/main/java
2022-02-22 14:24:48,481 [Worker-13: Importing Maven projects] INFO  o.e.m.j.i.AbstractJavaProjectConfigurator - Adding source folder /testdrivendevelopment/src/test/java
2022-02-22 14:24:48,504 [Worker-13: Importing Maven projects] INFO  o.e.m.c.i.p.ProjectConfigurationManager - Imported and configured 1 project(s) in 3 sec
2022-02-22 14:24:49,363 [Worker-10: Building] INFO  o.e.m.c.i.embedder.EclipseLogger - Using 'UTF-8' encoding to copy filtered resources.
2022-02-22 14:24:49,363 [Worker-10: Building] INFO  o.e.m.c.i.embedder.EclipseLogger - skip non existing resourceDirectory /Users/callum/Desktop/TDDex/TDD-Ex/src/main/resources
2022-02-22 14:24:49,364 [Worker-10: Building] INFO  o.e.m.c.i.embedder.EclipseLogger - Using 'UTF-8' encoding to copy filtered resources.
2022-02-22 14:24:49,364 [Worker-10: Building] INFO  o.e.m.c.i.embedder.EclipseLogger - skip non existing resourceDirectory /Users/callum/Desktop/TDDex/TDD-Ex/src/test/resources
2022-02-22 14:25:15,289 [Worker-23: Building] INFO  o.e.m.c.i.embedder.EclipseLogger - Using 'UTF-8' encoding to copy filtered resources.
2022-02-22 14:25:15,289 [Worker-23: Building] INFO  o.e.m.c.i.embedder.EclipseLogger - skip non existing resourceDirectory /Users/callum/Desktop/TDDex/TDD-Ex/src/main/resources
2022-02-22 14:25:15,291 [Worker-23: Building] INFO  o.e.m.c.i.embedder.EclipseLogger - Using 'UTF-8' encoding to copy filtered resources.
2022-02-22 14:25:15,291 [Worker-23: Building] INFO  o.e.m.c.i.embedder.EclipseLogger - skip non existing resourceDirectory /Users/callum/Desktop/TDDex/TDD-Ex/src/test/resources
2022-02-22 14:56:20,126 [Worker-37: Building] INFO  o.e.m.c.i.embedder.EclipseLogger - Using 'UTF-8' encoding to copy filtered resources.
2022-02-22 14:56:20,127 [Worker-37: Building] INFO  o.e.m.c.i.embedder.EclipseLogger - skip non existing resourceDirectory /Users/callum/Desktop/TDDex/TDD-Ex/src/main/resources
2022-02-22 14:56:20,128 [Worker-37: Building] INFO  o.e.m.c.i.embedder.EclipseLogger - Using 'UTF-8' encoding to copy filtered resources.
2022-02-22 14:56:20,128 [Worker-37: Building] INFO  o.e.m.c.i.embedder.EclipseLogger - skip non existing resourceDirectory /Users/callum/Desktop/TDDex/TDD-Ex/src/test/resources
2022-02-22 15:04:48,226 [Worker-39: Building] INFO  o.e.m.c.i.embedder.EclipseLogger - Using 'UTF-8' encoding to copy filtered resources.
2022-02-22 15:04:48,229 [Worker-39: Building] INFO  o.e.m.c.i.embedder.EclipseLogger - skip non existing resourceDirectory /Users/callum/Desktop/TDDex/TDD-Ex/src/main/resources
2022-02-22 15:04:48,231 [Worker-39: Building] INFO  o.e.m.c.i.embedder.EclipseLogger - Using 'UTF-8' encoding to copy filtered resources.
2022-02-22 15:04:48,231 [Worker-39: Building] INFO  o.e.m.c.i.embedder.EclipseLogger - skip non existing resourceDirectory /Users/callum/Desktop/TDDex/TDD-Ex/src/test/resources
2022-02-22 15:05:05,277 [Worker-40: Building] INFO  o.e.m.c.i.embedder.EclipseLogger - Using 'UTF-8' encoding to copy filtered resources.
2022-02-22 15:05:05,277 [Worker-40: Building] INFO  o.e.m.c.i.embedder.EclipseLogger - skip non existing resourceDirectory /Users/callum/Desktop/TDDex/TDD-Ex/src/main/resources
2022-02-22 15:05:05,281 [Worker-40: Building] INFO  o.e.m.c.i.embedder.EclipseLogger - Using 'UTF-8' encoding to copy filtered resources.
2022-02-22 15:05:05,281 [Worker-40: Building] INFO  o.e.m.c.i.embedder.EclipseLogger - skip non existing resourceDirectory /Users/callum/Desktop/TDDex/TDD-Ex/src/test/resources
2022-02-22 15:05:36,666 [Worker-37: Building] INFO  o.e.m.c.i.embedder.EclipseLogger - Using 'UTF-8' encoding to copy filtered resources.
2022-02-22 15:05:36,667 [Worker-37: Building] INFO  o.e.m.c.i.embedder.EclipseLogger - skip non existing resourceDirectory /Users/callum/Desktop/TDDex/TDD-Ex/src/main/resources
2022-02-22 15:05:36,668 [Worker-37: Building] INFO  o.e.m.c.i.embedder.EclipseLogger - Using 'UTF-8' encoding to copy filtered resources.
2022-02-22 15:05:36,668 [Worker-37: Building] INFO  o.e.m.c.i.embedder.EclipseLogger - skip non existing resourceDirectory /Users/callum/Desktop/TDDex/TDD-Ex/src/test/resources
2022-02-22 15:08:03,125 [Worker-38: Building] INFO  o.e.m.c.i.embedder.EclipseLogger - Using 'UTF-8' encoding to copy filtered resources.
2022-02-22 15:08:03,126 [Worker-38: Building] INFO  o.e.m.c.i.embedder.EclipseLogger - skip non existing resourceDirectory /Users/callum/Desktop/TDDex/TDD-Ex/src/main/resources
2022-02-22 15:08:03,127 [Worker-38: Building] INFO  o.e.m.c.i.embedder.EclipseLogger - Using 'UTF-8' encoding to copy filtered resources.
2022-02-22 15:08:03,127 [Worker-38: Building] INFO  o.e.m.c.i.embedder.EclipseLogger - skip non existing resourceDirectory /Users/callum/Desktop/TDDex/TDD-Ex/src/test/resources
2022-02-22 15:08:32,456 [Worker-44: Building] INFO  o.e.m.c.i.embedder.EclipseLogger - Using 'UTF-8' encoding to copy filtered resources.
2022-02-22 15:08:32,457 [Worker-44: Building] INFO  o.e.m.c.i.embedder.EclipseLogger - skip non existing resourceDirectory /Users/callum/Desktop/TDDex/TDD-Ex/src/main/resources
2022-02-22 15:08:32,460 [Worker-44: Building] INFO  o.e.m.c.i.embedder.EclipseLogger - Using 'UTF-8' encoding to copy filtered resources.
2022-02-22 15:08:32,460 [Worker-44: Building] INFO  o.e.m.c.i.embedder.EclipseLogger - skip non existing resourceDirectory /Users/callum/Desktop/TDDex/TDD-Ex/src/test/resources
2022-02-22 15:09:11,463 [Worker-39: Building] INFO  o.e.m.c.i.embedder.EclipseLogger - Using 'UTF-8' encoding to copy filtered resources.
2022-02-22 15:09:11,463 [Worker-39: Building] INFO  o.e.m.c.i.embedder.EclipseLogger - skip non existing resourceDirectory /Users/callum/Desktop/TDDex/TDD-Ex/src/main/resources
2022-02-22 15:09:11,465 [Worker-39: Building] INFO  o.e.m.c.i.embedder.EclipseLogger - Using 'UTF-8' encoding to copy filtered resources.
2022-02-22 15:09:11,465 [Worker-39: Building] INFO  o.e.m.c.i.embedder.EclipseLogger - skip non existing resourceDirectory /Users/callum/Desktop/TDDex/TDD-Ex/src/test/resources
2022-02-22 15:24:34,540 [Worker-46: Building] INFO  o.e.m.c.i.embedder.EclipseLogger - Using 'UTF-8' encoding to copy filtered resources.
2022-02-22 15:24:34,545 [Worker-46: Building] INFO  o.e.m.c.i.embedder.EclipseLogger - skip non existing resourceDirectory /Users/callum/Desktop/TDDex/TDD-Ex/src/main/resources
2022-02-22 15:24:34,557 [Worker-46: Building] INFO  o.e.m.c.i.embedder.EclipseLogger - Using 'UTF-8' encoding to copy filtered resources.
2022-02-22 15:24:34,558 [Worker-46: Building] INFO  o.e.m.c.i.embedder.EclipseLogger - skip non existing resourceDirectory /Users/callum/Desktop/TDDex/TDD-Ex/src/test/resources
2022-02-22 15:25:11,758 [Worker-44: Launching QuestionTest] INFO  o.e.m.c.i.embedder.EclipseLogger - Using 'UTF-8' encoding to copy filtered resources.
2022-02-22 15:25:11,760 [Worker-44: Launching QuestionTest] INFO  o.e.m.c.i.embedder.EclipseLogger - skip non existing resourceDirectory /Users/callum/Desktop/TDDex/TDD-Ex/src/main/resources
2022-02-22 15:25:11,762 [Worker-44: Launching QuestionTest] INFO  o.e.m.c.i.embedder.EclipseLogger - Using 'UTF-8' encoding to copy filtered resources.
2022-02-22 15:25:11,762 [Worker-44: Launching QuestionTest] INFO  o.e.m.c.i.embedder.EclipseLogger - skip non existing resourceDirectory /Users/callum/Desktop/TDDex/TDD-Ex/src/test/resources
2022-02-22 15:31:37,823 [Worker-51: Building] INFO  o.e.m.c.i.embedder.EclipseLogger - Using 'UTF-8' encoding to copy filtered resources.
2022-02-22 15:31:37,827 [Worker-51: Building] INFO  o.e.m.c.i.embedder.EclipseLogger - skip non existing resourceDirectory /Users/callum/Desktop/TDDex/TDD-Ex/src/main/resources
2022-02-22 15:31:37,836 [Worker-51: Building] INFO  o.e.m.c.i.embedder.EclipseLogger - Using 'UTF-8' encoding to copy filtered resources.
2022-02-22 15:31:37,837 [Worker-51: Building] INFO  o.e.m.c.i.embedder.EclipseLogger - skip non existing resourceDirectory /Users/callum/Desktop/TDDex/TDD-Ex/src/test/resources
2022-02-22 15:40:00,441 [Worker-52: Building] INFO  o.e.m.c.i.embedder.EclipseLogger - Using 'UTF-8' encoding to copy filtered resources.
2022-02-22 15:40:00,442 [Worker-52: Building] INFO  o.e.m.c.i.embedder.EclipseLogger - skip non existing resourceDirectory /Users/callum/Desktop/TDDex/TDD-Ex/src/main/resources
2022-02-22 15:40:00,443 [Worker-52: Building] INFO  o.e.m.c.i.embedder.EclipseLogger - Using 'UTF-8' encoding to copy filtered resources.
2022-02-22 15:40:00,443 [Worker-52: Building] INFO  o.e.m.c.i.embedder.EclipseLogger - skip non existing resourceDirectory /Users/callum/Desktop/TDDex/TDD-Ex/src/test/resources
2022-02-22 15:40:15,209 [Worker-55: Building] INFO  o.e.m.c.i.embedder.EclipseLogger - Using 'UTF-8' encoding to copy filtered resources.
2022-02-22 15:40:15,210 [Worker-55: Building] INFO  o.e.m.c.i.embedder.EclipseLogger - skip non existing resourceDirectory /Users/callum/Desktop/TDDex/TDD-Ex/src/main/resources
2022-02-22 15:40:15,211 [Worker-55: Building] INFO  o.e.m.c.i.embedder.EclipseLogger - Using 'UTF-8' encoding to copy filtered resources.
2022-02-22 15:40:15,211 [Worker-55: Building] INFO  o.e.m.c.i.embedder.EclipseLogger - skip non existing resourceDirectory /Users/callum/Desktop/TDDex/TDD-Ex/src/test/resources
2022-02-22 15:40:38,639 [Worker-56: Building] INFO  o.e.m.c.i.embedder.EclipseLogger - Using 'UTF-8' encoding to copy filtered resources.
2022-02-22 15:40:38,639 [Worker-56: Building] INFO  o.e.m.c.i.embedder.EclipseLogger - skip non existing resourceDirectory /Users/callum/Desktop/TDDex/TDD-Ex/src/main/resources
2022-02-22 15:40:38,640 [Worker-56: Building] INFO  o.e.m.c.i.embedder.EclipseLogger - Using 'UTF-8' encoding to copy filtered resources.
2022-02-22 15:40:38,641 [Worker-56: Building] INFO  o.e.m.c.i.embedder.EclipseLogger - skip non existing resourceDirectory /Users/callum/Desktop/TDDex/TDD-Ex/src/test/resources
2022-02-22 15:43:54,070 [Worker-60: Building] INFO  o.e.m.c.i.embedder.EclipseLogger - Using 'UTF-8' encoding to copy filtered resources.
2022-02-22 15:43:54,072 [Worker-60: Building] INFO  o.e.m.c.i.embedder.EclipseLogger - skip non existing resourceDirectory /Users/callum/Desktop/TDDex/TDD-Ex/src/main/resources
2022-02-22 15:43:54,074 [Worker-60: Building] INFO  o.e.m.c.i.embedder.EclipseLogger - Using 'UTF-8' encoding to copy filtered resources.
2022-02-22 15:43:54,074 [Worker-60: Building] INFO  o.e.m.c.i.embedder.EclipseLogger - skip non existing resourceDirectory /Users/callum/Desktop/TDDex/TDD-Ex/src/test/resources
2022-02-22 15:44:42,482 [Worker-60: Launching QuestionTest] INFO  o.e.m.c.i.embedder.EclipseLogger - Using 'UTF-8' encoding to copy filtered resources.
2022-02-22 15:44:42,483 [Worker-60: Launching QuestionTest] INFO  o.e.m.c.i.embedder.EclipseLogger - skip non existing resourceDirectory /Users/callum/Desktop/TDDex/TDD-Ex/src/main/resources
2022-02-22 15:44:42,484 [Worker-60: Launching QuestionTest] INFO  o.e.m.c.i.embedder.EclipseLogger - Using 'UTF-8' encoding to copy filtered resources.
2022-02-22 15:44:42,484 [Worker-60: Launching QuestionTest] INFO  o.e.m.c.i.embedder.EclipseLogger - skip non existing resourceDirectory /Users/callum/Desktop/TDDex/TDD-Ex/src/test/resources
2022-02-22 15:48:59,782 [Worker-63: Building] INFO  o.e.m.c.i.embedder.EclipseLogger - Using 'UTF-8' encoding to copy filtered resources.
2022-02-22 15:48:59,782 [Worker-63: Building] INFO  o.e.m.c.i.embedder.EclipseLogger - skip non existing resourceDirectory /Users/callum/Desktop/TDDex/TDD-Ex/src/main/resources
2022-02-22 15:48:59,783 [Worker-63: Building] INFO  o.e.m.c.i.embedder.EclipseLogger - Using 'UTF-8' encoding to copy filtered resources.
2022-02-22 15:48:59,783 [Worker-63: Building] INFO  o.e.m.c.i.embedder.EclipseLogger - skip non existing resourceDirectory /Users/callum/Desktop/TDDex/TDD-Ex/src/test/resources
2022-02-22 15:49:22,621 [Worker-62: Building] INFO  o.e.m.c.i.embedder.EclipseLogger - Using 'UTF-8' encoding to copy filtered resources.
2022-02-22 15:49:22,622 [Worker-62: Building] INFO  o.e.m.c.i.embedder.EclipseLogger - skip non existing resourceDirectory /Users/callum/Desktop/TDDex/TDD-Ex/src/main/resources
2022-02-22 15:49:22,623 [Worker-62: Building] INFO  o.e.m.c.i.embedder.EclipseLogger - Using 'UTF-8' encoding to copy filtered resources.
2022-02-22 15:49:22,623 [Worker-62: Building] INFO  o.e.m.c.i.embedder.EclipseLogger - skip non existing resourceDirectory /Users/callum/Desktop/TDDex/TDD-Ex/src/test/resources
2022-02-22 15:49:43,954 [Worker-62: Building] INFO  o.e.m.c.i.embedder.EclipseLogger - Using 'UTF-8' encoding to copy filtered resources.
2022-02-22 15:49:43,954 [Worker-62: Building] INFO  o.e.m.c.i.embedder.EclipseLogger - skip non existing resourceDirectory /Users/callum/Desktop/TDDex/TDD-Ex/src/main/resources
2022-02-22 15:49:43,954 [Worker-62: Building] INFO  o.e.m.c.i.embedder.EclipseLogger - Using 'UTF-8' encoding to copy filtered resources.
2022-02-22 15:49:43,954 [Worker-62: Building] INFO  o.e.m.c.i.embedder.EclipseLogger - skip non existing resourceDirectory /Users/callum/Desktop/TDDex/TDD-Ex/src/test/resources
2022-02-22 15:54:55,341 [Worker-68: Building] INFO  o.e.m.c.i.embedder.EclipseLogger - Using 'UTF-8' encoding to copy filtered resources.
2022-02-22 15:54:55,343 [Worker-68: Building] INFO  o.e.m.c.i.embedder.EclipseLogger - skip non existing resourceDirectory /Users/callum/Desktop/TDDex/TDD-Ex/src/main/resources
2022-02-22 15:54:55,353 [Worker-68: Building] INFO  o.e.m.c.i.embedder.EclipseLogger - Using 'UTF-8' encoding to copy filtered resources.
2022-02-22 15:54:55,353 [Worker-68: Building] INFO  o.e.m.c.i.embedder.EclipseLogger - skip non existing resourceDirectory /Users/callum/Desktop/TDDex/TDD-Ex/src/test/resources
2022-02-22 15:55:39,146 [Worker-68: Building] INFO  o.e.m.c.i.embedder.EclipseLogger - Using 'UTF-8' encoding to copy filtered resources.
2022-02-22 15:55:39,146 [Worker-68: Building] INFO  o.e.m.c.i.embedder.EclipseLogger - skip non existing resourceDirectory /Users/callum/Desktop/TDDex/TDD-Ex/src/main/resources
2022-02-22 15:55:39,147 [Worker-68: Building] INFO  o.e.m.c.i.embedder.EclipseLogger - Using 'UTF-8' encoding to copy filtered resources.
2022-02-22 15:55:39,147 [Worker-68: Building] INFO  o.e.m.c.i.embedder.EclipseLogger - skip non existing resourceDirectory /Users/callum/Desktop/TDDex/TDD-Ex/src/test/resources
2022-02-22 16:01:47,131 [Worker-70: Building] INFO  o.e.m.c.i.embedder.EclipseLogger - Using 'UTF-8' encoding to copy filtered resources.
2022-02-22 16:01:47,132 [Worker-70: Building] INFO  o.e.m.c.i.embedder.EclipseLogger - skip non existing resourceDirectory /Users/callum/Desktop/TDDex/TDD-Ex/src/main/resources
2022-02-22 16:01:47,134 [Worker-70: Building] INFO  o.e.m.c.i.embedder.EclipseLogger - Using 'UTF-8' encoding to copy filtered resources.
2022-02-22 16:01:47,134 [Worker-70: Building] INFO  o.e.m.c.i.embedder.EclipseLogger - skip non existing resourceDirectory /Users/callum/Desktop/TDDex/TDD-Ex/src/test/resources
2022-02-22 16:29:12,066 [Worker-78: Building] INFO  o.e.m.c.i.embedder.EclipseLogger - Using 'UTF-8' encoding to copy filtered resources.
2022-02-22 16:29:12,072 [Worker-78: Building] INFO  o.e.m.c.i.embedder.EclipseLogger - skip non existing resourceDirectory /Users/callum/Desktop/TDDex/TDD-Ex/src/main/resources
2022-02-22 16:29:12,074 [Worker-78: Building] INFO  o.e.m.c.i.embedder.EclipseLogger - Using 'UTF-8' encoding to copy filtered resources.
2022-02-22 16:29:12,074 [Worker-78: Building] INFO  o.e.m.c.i.embedder.EclipseLogger - skip non existing resourceDirectory /Users/callum/Desktop/TDDex/TDD-Ex/src/test/resources
2022-02-23 09:28:50,419 [Worker-90: Building] INFO  o.e.m.c.i.embedder.EclipseLogger - Using 'UTF-8' encoding to copy filtered resources.
2022-02-23 09:28:50,423 [Worker-90: Building] INFO  o.e.m.c.i.embedder.EclipseLogger - skip non existing resourceDirectory /Users/callum/Desktop/TDDex/TDD-Ex/src/main/resources
2022-02-23 09:28:50,427 [Worker-90: Building] INFO  o.e.m.c.i.embedder.EclipseLogger - Using 'UTF-8' encoding to copy filtered resources.
2022-02-23 09:28:50,428 [Worker-90: Building] INFO  o.e.m.c.i.embedder.EclipseLogger - skip non existing resourceDirectory /Users/callum/Desktop/TDDex/TDD-Ex/src/test/resources
